<?xml version="1.0" encoding="UTF-8"?>
<testsuite xmlns:xsi="http://www.w3.org/2001/XMLSchema-instance" xsi:noNamespaceSchemaLocation="https://maven.apache.org/surefire/maven-surefire-plugin/xsd/surefire-test-report.xsd" version="3.0.2" name="itm.CalculatorTests" time="0.059" tests="1" errors="0" skipped="0" failures="0">
  <properties>
    <property name="java.specification.version" value="23"/>
    <property name="sun.cpu.isalist" value="amd64"/>
    <property name="sun.jnu.encoding" value="MS949"/>
    <property name="java.class.path" value="C:\ITM\2-2 Semester\OpenSourceSoftware\OSS\testproject\target\test-classes;C:\ITM\2-2 Semester\OpenSourceSoftware\OSS\testproject\target\classes;C:\Users\user\.m2\repository\org\junit\jupiter\junit-jupiter\5.11.2\junit-jupiter-5.11.2.jar;C:\Users\user\.m2\repository\org\junit\jupiter\junit-jupiter-api\5.11.2\junit-jupiter-api-5.11.2.jar;C:\Users\user\.m2\repository\org\opentest4j\opentest4j\1.3.0\opentest4j-1.3.0.jar;C:\Users\user\.m2\repository\org\junit\platform\junit-platform-commons\1.11.2\junit-platform-commons-1.11.2.jar;C:\Users\user\.m2\repository\org\apiguardian\apiguardian-api\1.1.2\apiguardian-api-1.1.2.jar;C:\Users\user\.m2\repository\org\junit\jupiter\junit-jupiter-params\5.11.2\junit-jupiter-params-5.11.2.jar;C:\Users\user\.m2\repository\org\junit\jupiter\junit-jupiter-engine\5.11.2\junit-jupiter-engine-5.11.2.jar;C:\Users\user\.m2\repository\org\junit\platform\junit-platform-engine\1.11.2\junit-platform-engine-1.11.2.jar;"/>
    <property name="java.vm.vendor" value="Oracle Corporation"/>
    <property name="sun.arch.data.model" value="64"/>
    <property name="user.variant" value=""/>
    <property name="java.vendor.url" value="https://java.oracle.com/"/>
    <property name="user.timezone" value="Asia/Seoul"/>
    <property name="os.name" value="Windows 11"/>
    <property name="java.vm.specification.version" value="23"/>
    <property name="user.country" value="KR"/>
    <property name="sun.java.launcher" value="SUN_STANDARD"/>
    <property name="sun.boot.library.path" value="C:\Users\user\Oracle_JDK-23\bin"/>
    <property name="sun.java.command" value="C:\Users\user\AppData\Local\Temp\surefire3018248741202289171\surefirebooter-20241015112318548_3.jar C:\Users\user\AppData\Local\Temp\surefire3018248741202289171 2024-10-15T11-23-17_070-jvmRun1 surefire-20241015112318548_1tmp surefire_0-20241015112318548_2tmp"/>
    <property name="jdk.debug" value="release"/>
    <property name="test" value="itm.CalculatorTests#add"/>
    <property name="surefire.test.class.path" value="C:\ITM\2-2 Semester\OpenSourceSoftware\OSS\testproject\target\test-classes;C:\ITM\2-2 Semester\OpenSourceSoftware\OSS\testproject\target\classes;C:\Users\user\.m2\repository\org\junit\jupiter\junit-jupiter\5.11.2\junit-jupiter-5.11.2.jar;C:\Users\user\.m2\repository\org\junit\jupiter\junit-jupiter-api\5.11.2\junit-jupiter-api-5.11.2.jar;C:\Users\user\.m2\repository\org\opentest4j\opentest4j\1.3.0\opentest4j-1.3.0.jar;C:\Users\user\.m2\repository\org\junit\platform\junit-platform-commons\1.11.2\junit-platform-commons-1.11.2.jar;C:\Users\user\.m2\repository\org\apiguardian\apiguardian-api\1.1.2\apiguardian-api-1.1.2.jar;C:\Users\user\.m2\repository\org\junit\jupiter\junit-jupiter-params\5.11.2\junit-jupiter-params-5.11.2.jar;C:\Users\user\.m2\repository\org\junit\jupiter\junit-jupiter-engine\5.11.2\junit-jupiter-engine-5.11.2.jar;C:\Users\user\.m2\repository\org\junit\platform\junit-platform-engine\1.11.2\junit-platform-engine-1.11.2.jar;"/>
    <property name="sun.cpu.endian" value="little"/>
    <property name="user.home" value="C:\Users\user"/>
    <property name="user.language" value="ko"/>
    <property name="java.specification.vendor" value="Oracle Corporation"/>
    <property name="java.version.date" value="2024-09-17"/>
    <property name="java.home" value="C:\Users\user\Oracle_JDK-23"/>
    <property name="file.separator" value="\"/>
    <property name="basedir" value="C:\ITM\2-2 Semester\OpenSourceSoftware\OSS\testproject"/>
    <property name="java.vm.compressedOopsMode" value="Zero based"/>
    <property name="line.separator" value="&#10;"/>
    <property name="java.vm.specification.vendor" value="Oracle Corporation"/>
    <property name="java.specification.name" value="Java Platform API Specification"/>
    <property name="surefire.real.class.path" value="C:\Users\user\AppData\Local\Temp\surefire3018248741202289171\surefirebooter-20241015112318548_3.jar"/>
    <property name="user.script" value=""/>
    <property name="sun.management.compiler" value="HotSpot 64-Bit Tiered Compilers"/>
    <property name="java.runtime.version" value="23+37-2369"/>
    <property name="user.name" value="user"/>
    <property name="stdout.encoding" value="MS949"/>
    <property name="path.separator" value=";"/>
    <property name="os.version" value="10.0"/>
    <property name="java.runtime.name" value="Java(TM) SE Runtime Environment"/>
    <property name="file.encoding" value="UTF-8"/>
    <property name="java.vm.name" value="Java HotSpot(TM) 64-Bit Server VM"/>
    <property name="maven.ext.class.path" value="C:\Users\user\.vscode\extensions\oracle.oracle-java-23.0.0\nbcode\java\maven-nblib\netbeans-eventspy.jar"/>
    <property name="localRepository" value="C:\Users\user\.m2\repository"/>
    <property name="java.vendor.url.bug" value="https://bugreport.java.com/bugreport/"/>
    <property name="java.io.tmpdir" value="C:\Users\user\AppData\Local\Temp\"/>
    <property name="java.version" value="23"/>
    <property name="user.dir" value="C:\ITM\2-2 Semester\OpenSourceSoftware\OSS\testproject"/>
    <property name="os.arch" value="amd64"/>
    <property name="java.vm.specification.name" value="Java Virtual Machine Specification"/>
    <property name="sun.os.patch.level" value=""/>
    <property name="native.encoding" value="MS949"/>
    <property name="java.library.path" value="C:\Users\user\Oracle_JDK-23\bin;C:\Windows\Sun\Java\bin;C:\Windows\system32;C:\Windows;C:\Program Files (x86)\VMware\VMware Player\bin\;C:\app\user\product\11.2.0\dbhome_1\bin;C:\Program Files\Zulu\zulu-21\bin\;C:\Program Files\Python312\;C:\Program Files\Python312\Scripts\;C:\Windows\system32;C:\Windows;C:\Windows\System32\Wbem;C:\Windows\System32\WindowsPowerShell\v1.0\;C:\Windows\System32\OpenSSH\;C:\Program Files (x86)\Windows Kits\10\Windows Performance Toolkit\;C:\xampp\mysql\bin;C:\Program Files\Git\cmd;C:\Program Files\nodejs\;C:\Program Files\Go\bin;C:\Program Files\PuTTY\;C:\Users\user\AppData\Local\Microsoft\WindowsApps;C:\Program Files\JetBrains\IntelliJ IDEA 2023.3.4\bin;;C:\Users\user\AppData\Local\Programs\Microsoft VS Code\bin;C:\Users\user\AppData\Roaming\npm;C:\Users\user\go\bin;."/>
    <property name="java.vm.info" value="mixed mode, sharing"/>
    <property name="stderr.encoding" value="MS949"/>
    <property name="java.vendor" value="Oracle Corporation"/>
    <property name="java.vm.version" value="23+37-2369"/>
    <property name="sun.io.unicode.encoding" value="UnicodeLittle"/>
    <property name="java.class.version" value="67.0"/>
  </properties>
  <testcase name="add" classname="itm.CalculatorTests" time="0.022"/>
</testsuite>